#
# There is insufficient memory for the Java Runtime Environment to continue.
# Native memory allocation (malloc) failed to allocate 32744 bytes for ChunkPool::allocate
# Possible reasons:
#   The system is out of physical RAM or swap space
#   The process is running with CompressedOops enabled, and the Java Heap may be blocking the growth of the native heap
# Possible solutions:
#   Reduce memory load on the system
#   Increase physical memory or swap space
#   Check if swap backing store is full
#   Decrease Java heap size (-Xmx/-Xms)
#   Decrease number of Java threads
#   Decrease Java thread stack sizes (-Xss)
#   Set larger code cache with -XX:ReservedCodeCacheSize=
#   JVM is running with Unscaled Compressed Oops mode in which the Java heap is
#     placed in the first 4GB address space. The Java Heap base address is the
#     maximum limit for the native heap growth. Please use -XX:HeapBaseMinAddress
#     to set the Java Heap base and to place the Java Heap above 4GB virtual address.
# This output file may be truncated or incomplete.
#
#  Out of Memory Error (allocation.cpp:272), pid=24804, tid=0x00000000000078fc
#
# JRE version: Java(TM) SE Runtime Environment (8.0_221-b11) (build 1.8.0_221-b11)
# Java VM: Java HotSpot(TM) 64-Bit Server VM (25.221-b11 mixed mode windows-amd64 compressed oops)
# Failed to write core dump. Minidumps are not enabled by default on client versions of Windows
#

---------------  T H R E A D  ---------------

Current thread (0x00000000198c3800):  JavaThread "C2 CompilerThread0" daemon [_thread_in_native, id=30972, stack(0x000000001a110000,0x000000001a210000)]

Stack: [0x000000001a110000,0x000000001a210000]
[error occurred during error reporting (printing stack bounds), id 0xc0000005]

Native frames: (J=compiled Java code, j=interpreted, Vv=VM code, C=native code)


Current CompileTask:
C2:  12423 2341       4       com.alibaba.fastjson.parser.JSONLexerBase::scanSymbol (1135 bytes)


---------------  P R O C E S S  ---------------

Java Threads: ( => current thread )
  0x0000000019925000 JavaThread "Abandoned connection cleanup thread" daemon [_thread_blocked, id=18044, stack(0x000000001c390000,0x000000001c490000)]
  0x0000000019969000 JavaThread "Service Thread" daemon [_thread_blocked, id=37676, stack(0x000000001a510000,0x000000001a610000)]
  0x00000000198d1800 JavaThread "C1 CompilerThread3" daemon [_thread_in_native, id=15280, stack(0x000000001a410000,0x000000001a510000)]
  0x00000000198cc800 JavaThread "C2 CompilerThread2" daemon [_thread_blocked, id=38812, stack(0x000000001a310000,0x000000001a410000)]
  0x00000000198c8800 JavaThread "C2 CompilerThread1" daemon [_thread_blocked, id=41408, stack(0x000000001a210000,0x000000001a310000)]
=>0x00000000198c3800 JavaThread "C2 CompilerThread0" daemon [_thread_in_native, id=30972, stack(0x000000001a110000,0x000000001a210000)]
  0x00000000198b9000 JavaThread "Monitor Ctrl-Break" daemon [_thread_in_native, id=39724, stack(0x000000001a010000,0x000000001a110000)]
  0x0000000017a2e000 JavaThread "Attach Listener" daemon [_thread_blocked, id=1064, stack(0x0000000019f10000,0x000000001a010000)]
  0x0000000019856000 JavaThread "Signal Dispatcher" daemon [_thread_blocked, id=42560, stack(0x0000000019e10000,0x0000000019f10000)]
  0x0000000019831000 JavaThread "Finalizer" daemon [_thread_blocked, id=17056, stack(0x0000000019d10000,0x0000000019e10000)]
  0x0000000019830800 JavaThread "Reference Handler" daemon [_thread_blocked, id=34548, stack(0x0000000019c10000,0x0000000019d10000)]
  0x0000000002909000 JavaThread "main" [_thread_in_native, id=33556, stack(0x0000000002800000,0x0000000002900000)]

Other Threads:
  0x0000000017a15800 VMThread [stack: 0x0000000019710000,0x0000000019810000] [id=10984]
  0x00000000199ea800 WatcherThread [stack: 0x000000001a610000,0x000000001a710000] [id=26536]

VM state:not at safepoint (normal execution)

VM Mutex/Monitor currently owned by a thread: None

heap address: 0x0000000083400000, size: 1996 MB, Compressed Oops mode: 32-bit
Narrow klass base: 0x0000000000000000, Narrow klass shift: 3
Compressed class space size: 1073741824 Address: 0x0000000100000000

Heap:
 PSYoungGen      total 139776K, used 21341K [0x00000000d6700000, 0x00000000df800000, 0x0000000100000000)
  eden space 131072K, 16% used [0x00000000d6700000,0x00000000d7bd7508,0x00000000de700000)
  from space 8704K, 0% used [0x00000000def80000,0x00000000def80000,0x00000000df800000)
  to   space 8704K, 0% used [0x00000000de700000,0x00000000de700000,0x00000000def80000)
 ParOldGen       total 45568K, used 7718K [0x0000000083400000, 0x0000000086080000, 0x00000000d6700000)
  object space 45568K, 16% used [0x0000000083400000,0x0000000083b89bf0,0x0000000086080000)
 Metaspace       used 22446K, capacity 22732K, committed 23040K, reserved 1071104K
  class space    used 2612K, capacity 2702K, committed 2816K, reserved 1048576K

Card table byte_map: [0x0000000011f50000,0x0000000012340000] byte_map_base: 0x0000000011b36000

Marking Bits: (ParMarkBitMap*) 0x0000000052a05ce0
 Begin Bits: [0x0000000012de0000, 0x0000000014d10000)
 End Bits:   [0x0000000014d10000, 0x0000000016c40000)

Polling page: 0x00000000021d0000

CodeCache: size=245760Kb used=7997Kb max_used=7997Kb free=237762Kb
 bounds [0x0000000002b90000, 0x0000000003370000, 0x0000000011b90000]
 total_blobs=2779 nmethods=2327 adapters=362
 compilation: enabled

Compilation events (10 events):
Event: 12.390 Thread 0x00000000198d1800 nmethod 2336 0x000000000334f810 code [0x000000000334f960, 0x000000000334fa70]
Event: 12.390 Thread 0x00000000198d1800 2331       3       com.alibaba.fastjson.parser.DefaultJSONParser::setContext (22 bytes)
Event: 12.390 Thread 0x00000000198d1800 nmethod 2331 0x000000000334f110 code [0x000000000334f280, 0x000000000334f690]
Event: 12.390 Thread 0x00000000198d1800 2333       3       com.alibaba.fastjson.JSONObject::<init> (36 bytes)
Event: 12.391 Thread 0x00000000198d1800 nmethod 2333 0x00000000033613d0 code [0x00000000033615a0, 0x0000000003361ad8]
Event: 12.391 Thread 0x00000000198d1800 2339   !   3       com.alibaba.fastjson.parser.DefaultJSONParser::parseObject (2792 bytes)
Event: 12.391 Thread 0x00000000198c8800 nmethod 2338 0x000000000334ec90 code [0x000000000334ede0, 0x000000000334eef8]
Event: 12.392 Thread 0x00000000198c3800 2341       4       com.alibaba.fastjson.parser.JSONLexerBase::scanSymbol (1135 bytes)
Event: 12.392 Thread 0x00000000198cc800 2342       4       com.alibaba.fastjson.parser.JSONLexerBase::scanString (921 bytes)
Event: 12.403 Thread 0x00000000198cc800 nmethod 2342 0x0000000003360b90 code [0x0000000003360ce0, 0x00000000033610b8]

GC Heap History (10 events):
Event: 7.045 GC heap before
{Heap before GC invocations=3 (full 0):
 PSYoungGen      total 37888K, used 37867K [0x00000000d6700000, 0x00000000d9100000, 0x0000000100000000)
  eden space 32768K, 100% used [0x00000000d6700000,0x00000000d8700000,0x00000000d8700000)
  from space 5120K, 99% used [0x00000000d8c00000,0x00000000d90faf68,0x00000000d9100000)
  to   space 5120K, 0% used [0x00000000d8700000,0x00000000d8700000,0x00000000d8c00000)
 ParOldGen       total 86016K, used 436K [0x0000000083400000, 0x0000000088800000, 0x00000000d6700000)
  object space 86016K, 0% used [0x0000000083400000,0x000000008346d0b8,0x0000000088800000)
 Metaspace       used 15617K, capacity 15758K, committed 16000K, reserved 1062912K
  class space    used 1828K, capacity 1879K, committed 1920K, reserved 1048576K
Event: 7.056 GC heap after
Heap after GC invocations=3 (full 0):
 PSYoungGen      total 37888K, used 5077K [0x00000000d6700000, 0x00000000db100000, 0x0000000100000000)
  eden space 32768K, 0% used [0x00000000d6700000,0x00000000d6700000,0x00000000d8700000)
  from space 5120K, 99% used [0x00000000d8700000,0x00000000d8bf5648,0x00000000d8c00000)
  to   space 5120K, 0% used [0x00000000dac00000,0x00000000dac00000,0x00000000db100000)
 ParOldGen       total 86016K, used 444K [0x0000000083400000, 0x0000000088800000, 0x00000000d6700000)
  object space 86016K, 0% used [0x0000000083400000,0x000000008346f0b8,0x0000000088800000)
 Metaspace       used 15617K, capacity 15758K, committed 16000K, reserved 1062912K
  class space    used 1828K, capacity 1879K, committed 1920K, reserved 1048576K
}
Event: 7.274 GC heap before
{Heap before GC invocations=4 (full 0):
 PSYoungGen      total 37888K, used 37845K [0x00000000d6700000, 0x00000000db100000, 0x0000000100000000)
  eden space 32768K, 100% used [0x00000000d6700000,0x00000000d8700000,0x00000000d8700000)
  from space 5120K, 99% used [0x00000000d8700000,0x00000000d8bf5648,0x00000000d8c00000)
  to   space 5120K, 0% used [0x00000000dac00000,0x00000000dac00000,0x00000000db100000)
 ParOldGen       total 86016K, used 444K [0x0000000083400000, 0x0000000088800000, 0x00000000d6700000)
  object space 86016K, 0% used [0x0000000083400000,0x000000008346f0b8,0x0000000088800000)
 Metaspace       used 15911K, capacity 16084K, committed 16256K, reserved 1062912K
  class space    used 1842K, capacity 1880K, committed 1920K, reserved 1048576K
Event: 7.287 GC heap after
Heap after GC invocations=4 (full 0):
 PSYoungGen      total 70656K, used 4722K [0x00000000d6700000, 0x00000000db100000, 0x0000000100000000)
  eden space 65536K, 0% used [0x00000000d6700000,0x00000000d6700000,0x00000000da700000)
  from space 5120K, 92% used [0x00000000dac00000,0x00000000db09cad8,0x00000000db100000)
  to   space 5120K, 0% used [0x00000000da700000,0x00000000da700000,0x00000000dac00000)
 ParOldGen       total 86016K, used 452K [0x0000000083400000, 0x0000000088800000, 0x00000000d6700000)
  object space 86016K, 0% used [0x0000000083400000,0x00000000834710b8,0x0000000088800000)
 Metaspace       used 15911K, capacity 16084K, committed 16256K, reserved 1062912K
  class space    used 1842K, capacity 1880K, committed 1920K, reserved 1048576K
}
Event: 10.931 GC heap before
{Heap before GC invocations=5 (full 0):
 PSYoungGen      total 70656K, used 70258K [0x00000000d6700000, 0x00000000db100000, 0x0000000100000000)
  eden space 65536K, 100% used [0x00000000d6700000,0x00000000da700000,0x00000000da700000)
  from space 5120K, 92% used [0x00000000dac00000,0x00000000db09cad8,0x00000000db100000)
  to   space 5120K, 0% used [0x00000000da700000,0x00000000da700000,0x00000000dac00000)
 ParOldGen       total 86016K, used 452K [0x0000000083400000, 0x0000000088800000, 0x00000000d6700000)
  object space 86016K, 0% used [0x0000000083400000,0x00000000834710b8,0x0000000088800000)
 Metaspace       used 20818K, capacity 21100K, committed 21248K, reserved 1069056K
  class space    used 2424K, capacity 2542K, committed 2560K, reserved 1048576K
Event: 10.950 GC heap after
Heap after GC invocations=5 (full 0):
 PSYoungGen      total 70656K, used 5106K [0x00000000d6700000, 0x00000000df800000, 0x0000000100000000)
  eden space 65536K, 0% used [0x00000000d6700000,0x00000000d6700000,0x00000000da700000)
  from space 5120K, 99% used [0x00000000da700000,0x00000000dabfcb18,0x00000000dac00000)
  to   space 8704K, 0% used [0x00000000def80000,0x00000000def80000,0x00000000df800000)
 ParOldGen       total 86016K, used 4798K [0x0000000083400000, 0x0000000088800000, 0x00000000d6700000)
  object space 86016K, 5% used [0x0000000083400000,0x00000000838af9d0,0x0000000088800000)
 Metaspace       used 20818K, capacity 21100K, committed 21248K, reserved 1069056K
  class space    used 2424K, capacity 2542K, committed 2560K, reserved 1048576K
}
Event: 10.956 GC heap before
{Heap before GC invocations=6 (full 0):
 PSYoungGen      total 70656K, used 6512K [0x00000000d6700000, 0x00000000df800000, 0x0000000100000000)
  eden space 65536K, 2% used [0x00000000d6700000,0x00000000d685f748,0x00000000da700000)
  from space 5120K, 99% used [0x00000000da700000,0x00000000dabfcb18,0x00000000dac00000)
  to   space 8704K, 0% used [0x00000000def80000,0x00000000def80000,0x00000000df800000)
 ParOldGen       total 86016K, used 4798K [0x0000000083400000, 0x0000000088800000, 0x00000000d6700000)
  object space 86016K, 5% used [0x0000000083400000,0x00000000838af9d0,0x0000000088800000)
 Metaspace       used 20825K, capacity 21100K, committed 21248K, reserved 1069056K
  class space    used 2424K, capacity 2542K, committed 2560K, reserved 1048576K
Event: 10.972 GC heap after
Heap after GC invocations=6 (full 0):
 PSYoungGen      total 139776K, used 5202K [0x00000000d6700000, 0x00000000df800000, 0x0000000100000000)
  eden space 131072K, 0% used [0x00000000d6700000,0x00000000d6700000,0x00000000de700000)
  from space 8704K, 59% used [0x00000000def80000,0x00000000df494b18,0x00000000df800000)
  to   space 8704K, 0% used [0x00000000de700000,0x00000000de700000,0x00000000def80000)
 ParOldGen       total 86016K, used 4798K [0x0000000083400000, 0x0000000088800000, 0x00000000d6700000)
  object space 86016K, 5% used [0x0000000083400000,0x00000000838af9d0,0x0000000088800000)
 Metaspace       used 20825K, capacity 21100K, committed 21248K, reserved 1069056K
  class space    used 2424K, capacity 2542K, committed 2560K, reserved 1048576K
}
Event: 10.972 GC heap before
{Heap before GC invocations=7 (full 1):
 PSYoungGen      total 139776K, used 5202K [0x00000000d6700000, 0x00000000df800000, 0x0000000100000000)
  eden space 131072K, 0% used [0x00000000d6700000,0x00000000d6700000,0x00000000de700000)
  from space 8704K, 59% used [0x00000000def80000,0x00000000df494b18,0x00000000df800000)
  to   space 8704K, 0% used [0x00000000de700000,0x00000000de700000,0x00000000def80000)
 ParOldGen       total 86016K, used 4798K [0x0000000083400000, 0x0000000088800000, 0x00000000d6700000)
  object space 86016K, 5% used [0x0000000083400000,0x00000000838af9d0,0x0000000088800000)
 Metaspace       used 20825K, capacity 21100K, committed 21248K, reserved 1069056K
  class space    used 2424K, capacity 2542K, committed 2560K, reserved 1048576K
Event: 11.046 GC heap after
Heap after GC invocations=7 (full 1):
 PSYoungGen      total 139776K, used 0K [0x00000000d6700000, 0x00000000df800000, 0x0000000100000000)
  eden space 131072K, 0% used [0x00000000d6700000,0x00000000d6700000,0x00000000de700000)
  from space 8704K, 0% used [0x00000000def80000,0x00000000def80000,0x00000000df800000)
  to   space 8704K, 0% used [0x00000000de700000,0x00000000de700000,0x00000000def80000)
 ParOldGen       total 45568K, used 7718K [0x0000000083400000, 0x0000000086080000, 0x00000000d6700000)
  object space 45568K, 16% used [0x0000000083400000,0x0000000083b89bf0,0x0000000086080000)
 Metaspace       used 20825K, capacity 21100K, committed 21248K, reserved 1069056K
  class space    used 2424K, capacity 2542K, committed 2560K, reserved 1048576K
}

Deoptimization events (10 events):
Event: 10.245 Thread 0x0000000002909000 Uncommon trap: reason=class_check action=maybe_recompile pc=0x0000000003130b84 method=java.util.Hashtable.get(Ljava/lang/Object;)Ljava/lang/Object; @ 6
Event: 10.248 Thread 0x0000000002909000 Uncommon trap: reason=class_check action=maybe_recompile pc=0x0000000003130b84 method=java.util.Hashtable.get(Ljava/lang/Object;)Ljava/lang/Object; @ 6
Event: 10.444 Thread 0x0000000002909000 Uncommon trap: reason=unstable_if action=reinterpret pc=0x00000000032eb9f0 method=java.util.concurrent.ConcurrentHashMap.putVal(Ljava/lang/Object;Ljava/lang/Object;Z)Ljava/lang/Object; @ 195
Event: 10.476 Thread 0x0000000002909000 Uncommon trap: reason=unstable_if action=reinterpret pc=0x000000000330dc6c method=java.util.concurrent.ConcurrentHashMap.transfer([Ljava/util/concurrent/ConcurrentHashMap$Node;[Ljava/util/concurrent/ConcurrentHashMap$Node;)V @ 356
Event: 11.204 Thread 0x0000000002909000 Uncommon trap: reason=bimorphic action=maybe_recompile pc=0x0000000002ca69c4 method=java.util.Hashtable.get(Ljava/lang/Object;)Ljava/lang/Object; @ 6
Event: 11.389 Thread 0x0000000002909000 Uncommon trap: reason=unstable_if action=reinterpret pc=0x00000000031fdadc method=java.lang.CharacterDataLatin1.digit(II)I @ 82
Event: 11.956 Thread 0x0000000002909000 Uncommon trap: reason=unstable_if action=reinterpret pc=0x0000000003336f20 method=com.alibaba.fastjson.parser.JSONScanner.next()C @ 18
Event: 12.047 Thread 0x0000000002909000 Uncommon trap: reason=unstable_if action=reinterpret pc=0x0000000003200314 method=java.lang.CharacterDataLatin1.digit(II)I @ 82
Event: 12.377 Thread 0x0000000002909000 Uncommon trap: reason=unstable_if action=reinterpret pc=0x000000000333a1f0 method=java.lang.Character.isSurrogate(C)Z @ 3
Event: 12.398 Thread 0x0000000002909000 Uncommon trap: reason=unstable_if action=reinterpret pc=0x000000000334ee8c method=com.alibaba.fastjson.parser.JSONLexerBase.skipWhitespace()V @ 33

Classes redefined (0 events):
No events

Internal exceptions (10 events):
Event: 11.175 Thread 0x0000000002909000 Exception <a 'java/lang/ClassNotFoundException': org/apache/log4j/LayoutCustomizer> (0x00000000d6bd4288) thrown at [C:\re\workspace\8-2-build-windows-amd64-cygwin\jdk8u221\13320\hotspot\src\share\vm\classfile\systemDictionary.cpp, line 210]
Event: 11.180 Thread 0x0000000002909000 Exception <a 'java/lang/ClassNotFoundException': org/apache/log4j/PatternLayoutCustomizer> (0x00000000d6c09740) thrown at [C:\re\workspace\8-2-build-windows-amd64-cygwin\jdk8u221\13320\hotspot\src\share\vm\classfile\systemDictionary.cpp, line 210]
Event: 11.183 Thread 0x0000000002909000 Exception <a 'java/lang/ClassNotFoundException': org/apache/log4j/DailyRollingFileAppenderBeanInfo> (0x00000000d6c2f5d8) thrown at [C:\re\workspace\8-2-build-windows-amd64-cygwin\jdk8u221\13320\hotspot\src\share\vm\classfile\systemDictionary.cpp, line 210
Event: 11.183 Thread 0x0000000002909000 Exception <a 'java/lang/ClassNotFoundException': org/apache/log4j/FileAppenderBeanInfo> (0x00000000d6c49158) thrown at [C:\re\workspace\8-2-build-windows-amd64-cygwin\jdk8u221\13320\hotspot\src\share\vm\classfile\systemDictionary.cpp, line 210]
Event: 11.185 Thread 0x0000000002909000 Exception <a 'java/lang/ClassNotFoundException': org/apache/log4j/WriterAppenderBeanInfo> (0x00000000d6c63600) thrown at [C:\re\workspace\8-2-build-windows-amd64-cygwin\jdk8u221\13320\hotspot\src\share\vm\classfile\systemDictionary.cpp, line 210]
Event: 11.186 Thread 0x0000000002909000 Exception <a 'java/lang/ClassNotFoundException': org/apache/log4j/AppenderSkeletonBeanInfo> (0x00000000d6c7ebe8) thrown at [C:\re\workspace\8-2-build-windows-amd64-cygwin\jdk8u221\13320\hotspot\src\share\vm\classfile\systemDictionary.cpp, line 210]
Event: 11.187 Thread 0x0000000002909000 Exception <a 'java/lang/ClassNotFoundException': org/apache/log4j/AppenderSkeletonCustomizer> (0x00000000d6c9ba40) thrown at [C:\re\workspace\8-2-build-windows-amd64-cygwin\jdk8u221\13320\hotspot\src\share\vm\classfile\systemDictionary.cpp, line 210]
Event: 11.191 Thread 0x0000000002909000 Exception <a 'java/lang/ClassNotFoundException': org/apache/log4j/WriterAppenderCustomizer> (0x00000000d6cd2088) thrown at [C:\re\workspace\8-2-build-windows-amd64-cygwin\jdk8u221\13320\hotspot\src\share\vm\classfile\systemDictionary.cpp, line 210]
Event: 11.194 Thread 0x0000000002909000 Exception <a 'java/lang/ClassNotFoundException': org/apache/log4j/FileAppenderCustomizer> (0x00000000d6cf8b70) thrown at [C:\re\workspace\8-2-build-windows-amd64-cygwin\jdk8u221\13320\hotspot\src\share\vm\classfile\systemDictionary.cpp, line 210]
Event: 11.196 Thread 0x0000000002909000 Exception <a 'java/lang/ClassNotFoundException': org/apache/log4j/DailyRollingFileAppenderCustomizer> (0x00000000d6d25528) thrown at [C:\re\workspace\8-2-build-windows-amd64-cygwin\jdk8u221\13320\hotspot\src\share\vm\classfile\systemDictionary.cpp, line 2

Events (10 events):
Event: 12.377 Thread 0x0000000002909000 DEOPT UNPACKING pc=0x0000000002bd583b sp=0x00000000028fd7b8 mode 2
Event: 12.398 Thread 0x0000000002909000 Uncommon trap: trap_request=0xffffff65 fr.pc=0x000000000334ee8c
Event: 12.398 Thread 0x0000000002909000 DEOPT PACKING pc=0x000000000334ee8c sp=0x00000000028fdc40
Event: 12.398 Thread 0x0000000002909000 DEOPT UNPACKING pc=0x0000000002bd583b sp=0x00000000028fdbe0 mode 2
Event: 12.398 loading class com/haisheng/framework/testng/bigScreen/jiaochen/wm/sense/pc/consultmanagement/ResponseRuleEditScene
Event: 12.398 loading class com/haisheng/framework/testng/bigScreen/jiaochen/wm/sense/pc/consultmanagement/ResponseRuleEditScene done
Event: 12.401 loading class com/haisheng/framework/testng/bigScreen/crm/wm/base/scene/BaseScene
Event: 12.401 loading class com/haisheng/framework/testng/bigScreen/crm/wm/base/scene/BaseScene done
Event: 12.403 loading class com/haisheng/framework/testng/bigScreen/jiaochen/wm/sense/pc/consultmanagement/ResponseRuleEditScene$ResponseRuleEditSceneBuilder
Event: 12.403 loading class com/haisheng/framework/testng/bigScreen/jiaochen/wm/sense/pc/consultmanagement/ResponseRuleEditScene$ResponseRuleEditSceneBuilder done


Dynamic libraries:
0x00007ff68df50000 - 0x00007ff68df87000 	D:\Program Files\Java\jdk1.8.0_221\bin\java.exe
0x00007ffdc1320000 - 0x00007ffdc1510000 	C:\Windows\SYSTEM32\ntdll.dll
0x00007ffdbf620000 - 0x00007ffdbf6d2000 	C:\Windows\System32\KERNEL32.DLL
0x00007ffdbee10000 - 0x00007ffdbf0b5000 	C:\Windows\System32\KERNELBASE.dll
0x00007ffdbf570000 - 0x00007ffdbf613000 	C:\Windows\System32\ADVAPI32.dll
0x00007ffdc09e0000 - 0x00007ffdc0a7e000 	C:\Windows\System32\msvcrt.dll
0x00007ffdbff00000 - 0x00007ffdbff97000 	C:\Windows\System32\sechost.dll
0x00007ffdc0a80000 - 0x00007ffdc0b9f000 	C:\Windows\System32\RPCRT4.dll
0x00007ffdc0710000 - 0x00007ffdc08a4000 	C:\Windows\System32\USER32.dll
0x00007ffdbe510000 - 0x00007ffdbe531000 	C:\Windows\System32\win32u.dll
0x00007ffdbf430000 - 0x00007ffdbf456000 	C:\Windows\System32\GDI32.dll
0x00007ffdbe290000 - 0x00007ffdbe428000 	C:\Windows\System32\gdi32full.dll
0x00007ffdbf330000 - 0x00007ffdbf3ce000 	C:\Windows\System32\msvcp_win.dll
0x00007ffdbecf0000 - 0x00007ffdbedea000 	C:\Windows\System32\ucrtbase.dll
0x00007ffdbd6b0000 - 0x00007ffdbd934000 	C:\Windows\WinSxS\amd64_microsoft.windows.common-controls_6595b64144ccf1df_6.0.18362.1440_none_9e7dbfb9e45e8e67\COMCTL32.dll
0x00007ffdbf7b0000 - 0x00007ffdbfae6000 	C:\Windows\System32\combase.dll
0x00007ffdbe480000 - 0x00007ffdbe501000 	C:\Windows\System32\bcryptPrimitives.dll
0x00007ffdc0ba0000 - 0x00007ffdc0bce000 	C:\Windows\System32\IMM32.DLL
0x0000000053340000 - 0x0000000053412000 	D:\Program Files\Java\jdk1.8.0_221\jre\bin\msvcr100.dll
0x00000000521e0000 - 0x0000000052a85000 	D:\Program Files\Java\jdk1.8.0_221\jre\bin\server\jvm.dll
0x00007ffdbf4c0000 - 0x00007ffdbf4c8000 	C:\Windows\System32\PSAPI.DLL
0x00007ffdbbfc0000 - 0x00007ffdbbfca000 	C:\Windows\SYSTEM32\VERSION.dll
0x00007ffdba370000 - 0x00007ffdba394000 	C:\Windows\SYSTEM32\WINMM.dll
0x00007ffda9ad0000 - 0x00007ffda9ad9000 	C:\Windows\SYSTEM32\WSOCK32.dll
0x00007ffdc0ca0000 - 0x00007ffdc0d0f000 	C:\Windows\System32\WS2_32.dll
0x00007ffdba340000 - 0x00007ffdba36d000 	C:\Windows\SYSTEM32\WINMMBASE.dll
0x00007ffdbe430000 - 0x00007ffdbe47a000 	C:\Windows\System32\cfgmgr32.dll
0x00007ffdb27f0000 - 0x00007ffdb27ff000 	D:\Program Files\Java\jdk1.8.0_221\jre\bin\verify.dll
0x00007ffda6ee0000 - 0x00007ffda6f09000 	D:\Program Files\Java\jdk1.8.0_221\jre\bin\java.dll
0x00007ffd96ef0000 - 0x00007ffd96f13000 	D:\Program Files\Java\jdk1.8.0_221\jre\bin\instrument.dll
0x00007ffda89c0000 - 0x00007ffda89d6000 	D:\Program Files\Java\jdk1.8.0_221\jre\bin\zip.dll
0x00007ffdbffa0000 - 0x00007ffdc0688000 	C:\Windows\System32\SHELL32.dll
0x00007ffdc08b0000 - 0x00007ffdc0957000 	C:\Windows\System32\shcore.dll
0x00007ffdbe540000 - 0x00007ffdbecbb000 	C:\Windows\System32\windows.storage.dll
0x00007ffdbe270000 - 0x00007ffdbe28e000 	C:\Windows\System32\profapi.dll
0x00007ffdbe1e0000 - 0x00007ffdbe22a000 	C:\Windows\System32\powrprof.dll
0x00007ffdbe1d0000 - 0x00007ffdbe1e0000 	C:\Windows\System32\UMPDC.dll
0x00007ffdbf500000 - 0x00007ffdbf552000 	C:\Windows\System32\shlwapi.dll
0x00007ffdbe230000 - 0x00007ffdbe241000 	C:\Windows\System32\kernel.appcore.dll
0x00007ffdbedf0000 - 0x00007ffdbee07000 	C:\Windows\System32\cryptsp.dll
0x00007ffd98270000 - 0x00007ffd9828a000 	D:\Program Files\JetBrains\IntelliJ IDEA 2020.1.1\bin\breakgen64.dll
0x00007ffda6990000 - 0x00007ffda69aa000 	D:\Program Files\Java\jdk1.8.0_221\jre\bin\net.dll
0x00007ffda25c0000 - 0x00007ffda2797000 	C:\Windows\SYSTEM32\urlmon.dll
0x00007ffda29d0000 - 0x00007ffda2c77000 	C:\Windows\SYSTEM32\iertutil.dll
0x00007ffdbd510000 - 0x00007ffdbd51c000 	C:\Windows\SYSTEM32\CRYPTBASE.DLL
0x00007ffdbd350000 - 0x00007ffdbd3b7000 	C:\Windows\system32\mswsock.dll
0x00007ffdbcea0000 - 0x00007ffdbced3000 	C:\Windows\system32\rsaenh.dll
0x00007ffdbecc0000 - 0x00007ffdbece6000 	C:\Windows\System32\bcrypt.dll
0x00007ffdbe0f0000 - 0x00007ffdbe115000 	C:\Windows\SYSTEM32\USERENV.dll
0x00007ffdbd090000 - 0x00007ffdbd0ca000 	C:\Windows\SYSTEM32\IPHLPAPI.DLL
0x00007ffdbf560000 - 0x00007ffdbf568000 	C:\Windows\System32\NSI.dll
0x00007ffdb3430000 - 0x00007ffdb3446000 	C:\Windows\SYSTEM32\dhcpcsvc6.DLL
0x00007ffdb3410000 - 0x00007ffdb342c000 	C:\Windows\SYSTEM32\dhcpcsvc.DLL
0x00007ffdbd0d0000 - 0x00007ffdbd19b000 	C:\Windows\SYSTEM32\DNSAPI.dll
0x00007ffda2310000 - 0x00007ffda2322000 	D:\Program Files\Java\jdk1.8.0_221\jre\bin\nio.dll
0x00007ffdbaca0000 - 0x00007ffdbacad000 	D:\Program Files\Java\jdk1.8.0_221\jre\bin\management.dll
0x00007ffd9d1a0000 - 0x00007ffd9d1c4000 	D:\Program Files\Java\jdk1.8.0_221\jre\bin\sunec.dll
0x00000000559c0000 - 0x00000000559f5000 	C:\Program Files\Bonjour\mdnsNSP.dll
0x00007ffdad3a0000 - 0x00007ffdad3aa000 	C:\Windows\System32\rasadhlp.dll
0x00007ffdb0b40000 - 0x00007ffdb0bb7000 	C:\Windows\System32\fwpuclnt.dll

VM Arguments:
jvm_args: -ea -Dfile.encoding=UTF-8 -Didea.test.cyclic.buffer.size=1048576 -javaagent:D:\Program Files\JetBrains\IntelliJ IDEA 2020.1.1\lib\idea_rt.jar=5297:D:\Program Files\JetBrains\IntelliJ IDEA 2020.1.1\bin 
java_command: com.intellij.rt.testng.RemoteTestNGStarter -usedefaultlisteners false -socket5296 @w@C:\Users\11726\AppData\Local\Temp\idea_working_dirs_testng.tmp -temp C:\Users\11726\AppData\Local\Temp\idea_testng1.tmp
java_class_path (initial): D:\Program Files\JetBrains\IntelliJ IDEA 2020.1.1\lib\idea_rt.jar;D:\Program Files\JetBrains\IntelliJ IDEA 2020.1.1\plugins\testng\lib\testng-rt.jar;D:\Program Files\Java\jdk1.8.0_221\jre\lib\charsets.jar;D:\Program Files\Java\jdk1.8.0_221\jre\lib\deploy.jar;D:\Program Files\Java\jdk1.8.0_221\jre\lib\ext\access-bridge-64.jar;D:\Program Files\Java\jdk1.8.0_221\jre\lib\ext\cldrdata.jar;D:\Program Files\Java\jdk1.8.0_221\jre\lib\ext\dnsns.jar;D:\Program Files\Java\jdk1.8.0_221\jre\lib\ext\jaccess.jar;D:\Program Files\Java\jdk1.8.0_221\jre\lib\ext\jfxrt.jar;D:\Program Files\Java\jdk1.8.0_221\jre\lib\ext\localedata.jar;D:\Program Files\Java\jdk1.8.0_221\jre\lib\ext\nashorn.jar;D:\Program Files\Java\jdk1.8.0_221\jre\lib\ext\sunec.jar;D:\Program Files\Java\jdk1.8.0_221\jre\lib\ext\sunjce_provider.jar;D:\Program Files\Java\jdk1.8.0_221\jre\lib\ext\sunmscapi.jar;D:\Program Files\Java\jdk1.8.0_221\jre\lib\ext\sunpkcs11.jar;D:\Program Files\Java\jdk1.8.0_221\jre\lib\ext\zipfs.jar;D:\Program Files\Java\jdk1.8.0_221\jre\lib\javaws.jar;D:\Program Files\Java\jdk1.8.0_221\jre\lib\jce.jar;D:\Program Files\Java\jdk1.8.0_221\jre\lib\jfr.jar;D:\Program Files\Java\jdk1.8.0_221\jre\lib\jfxswt.jar;D:\Program Files\Java\jdk1.8.0_221\jre\lib\jsse.jar;D:\Program Files\Java\jdk1.8.0_221\jre\lib\management-agent.jar;D:\Program Files\Java\jdk1.8.0_221\jre\lib\plugin.jar;D:\Program Files\Java\jdk1.8.0_221\jre\lib\resources.jar;D:\Program Files\Java\jdk1.8.0_221\jre\lib\rt.jar;D:\ys\interface-test-framework\target\classes;C:\Users\11726\.m2\repository\org\springframework\boot\spring-boot-starter-jooq\2.1.0.RELEASE\spring-boot-starter-jooq-2.1.0.RELEASE.jar;C:\Users\11726\.m2\repository\org\springframework\spring-tx\5.1.2.RELEASE\spring-tx-5.1.2.RELEASE.jar;C:\Users\11726\.m2\repository\org\springframework\spring-beans\5.1.2.RELEASE\spring-beans-5.1.2.RELEASE.jar;C:\Users\11726\.m2\repository\org\jooq\jooq\3.11.5\jooq-3.11.5.jar;C:\Users\11726\.m2\repository\javax\xml\
Launcher Type: SUN_STANDARD

Environment Variables:
JAVA_HOME=D:\Program Files\Java\jdk1.8.0_221
CLASSPATH=.;D:\Program Files\Java\jdk1.8.0_221\lib\dt.jar;D:\Program Files\Java\jdk1.8.0_221\lib\tools.jar;
PATH=D:\Program Files (x86)\NetSarang\Xshell 6\;C:\Program Files (x86)\Common Files\Oracle\Java\javapath;C:\Windows\system32;C:\Windows;C:\Windows\System32\Wbem;C:\Windows\System32\WindowsPowerShell\v1.0\;C:\Windows\System32\OpenSSH\;C:\Program Files (x86)\NVIDIA Corporation\PhysX\Common;C:\Program Files\NVIDIA Corporation\NVIDIA NvDLISR;D:\Program Files\Java\jdk1.8.0_221\bin;"D:\Program Files\Java\jdk1.8.0_221\jre\bin;";D:\Program Files\Git\cmd;C:\apache-maven-3.6.3\bin;D:\Program Files\TortoiseGit\bin;C:\Users\11726\AppData\Local\Microsoft\WindowsApps;D:\Program Files\JetBrains\IntelliJ IDEA 2020.1.1\bin;;;D:\Users\11726\AppData\Local\Programs\Fiddler;D:\Program Files\Docker Toolbox
USERNAME=xia
OS=Windows_NT
PROCESSOR_IDENTIFIER=Intel64 Family 6 Model 142 Stepping 12, GenuineIntel



---------------  S Y S T E M  ---------------

OS: Windows 10.0 , 64 bit Build 18362 (10.0.18362.1350)

CPU:total 8 (initial active 8) (4 cores per cpu, 2 threads per core) family 6 model 142 stepping 12, cmov, cx8, fxsr, mmx, sse, sse2, sse3, ssse3, sse4.1, sse4.2, popcnt, avx, avx2, aes, clmul, erms, 3dnowpref, lzcnt, ht, tsc, tscinvbit, bmi1, bmi2, adx

Memory: 4k page, physical 8167672k(461128k free), swap 29055220k(332k free)

vm_info: Java HotSpot(TM) 64-Bit Server VM (25.221-b11) for windows-amd64 JRE (1.8.0_221-b11), built on Jul  4 2019 04:39:29 by "java_re" with MS VC++ 10.0 (VS2010)

time: Fri Jun 04 19:14:26 2021
timezone: 中国标准时间
elapsed time: 12 seconds (0d 0h 0m 12s)

