#
# There is insufficient memory for the Java Runtime Environment to continue.
# Native memory allocation (mmap) failed to map 132120576 bytes for Failed to commit area from 0x0000000083400000 to 0x000000008b200000 of length 132120576.
# Possible reasons:
#   The system is out of physical RAM or swap space
#   The process is running with CompressedOops enabled, and the Java Heap may be blocking the growth of the native heap
# Possible solutions:
#   Reduce memory load on the system
#   Increase physical memory or swap space
#   Check if swap backing store is full
#   Decrease Java heap size (-Xmx/-Xms)
#   Decrease number of Java threads
#   Decrease Java thread stack sizes (-Xss)
#   Set larger code cache with -XX:ReservedCodeCacheSize=
# This output file may be truncated or incomplete.
#
#  Out of Memory Error (c:/BuildAgent/work/1eae4dac1d648407/src/hotspot/os/windows/os_windows.cpp:3296), pid=40048, tid=3768
#
# JRE version:  (11.0.6+8) (build )
# Java VM: OpenJDK 64-Bit Server VM (11.0.6+8-b765.25, mixed mode, sharing, tiered, compressed oops, g1 gc, windows-amd64)
# No core dump will be written. Minidumps are not enabled by default on client versions of Windows
#

---------------  S U M M A R Y ------------

Command Line: org.jetbrains.git4idea.http.GitAskPassApp Username for 'http://192.168.50.66:30000': 

Host: Intel(R) Core(TM) i5-10210U CPU @ 1.60GHz, 8 cores, 7G,  Windows 10 , 64 bit Build 18362 (10.0.18362.1110)
Time: Fri Nov 13 12:22:22 2020 ?D1¨²¡À¨º¡Á?¨º¡À?? elapsed time: 0 seconds (0d 0h 0m 0s)

---------------  T H R E A D  ---------------

Current thread (0x000002316621b000):  JavaThread "Unknown thread" [_thread_in_vm, id=3768, stack(0x0000008313900000,0x0000008313a00000)]

Stack: [0x0000008313900000,0x0000008313a00000]
Native frames: (J=compiled Java code, j=interpreted, Vv=VM code, C=native code)
V  [jvm.dll+0x5de3ca]
V  [jvm.dll+0x710ae5]
V  [jvm.dll+0x712005]
V  [jvm.dll+0x7126b3]
V  [jvm.dll+0x23e708]
V  [jvm.dll+0x5db874]
V  [jvm.dll+0x5d0aa5]
V  [jvm.dll+0x2fb0fb]
V  [jvm.dll+0x2fb06a]
V  [jvm.dll+0x2faf42]
V  [jvm.dll+0x2ffe16]
V  [jvm.dll+0x348723]
V  [jvm.dll+0x348e26]
V  [jvm.dll+0x348823]
V  [jvm.dll+0x2d58a8]
V  [jvm.dll+0x2d6a47]
V  [jvm.dll+0x6ef917]
V  [jvm.dll+0x6f110c]
V  [jvm.dll+0x355d69]
V  [jvm.dll+0x6d4afe]
V  [jvm.dll+0x3bf3d3]
V  [jvm.dll+0x3c1921]
C  [jli.dll+0x5363]
C  [ucrtbase.dll+0x210b2]
C  [KERNEL32.DLL+0x17c24]
C  [ntdll.dll+0x6cea1]


---------------  P R O C E S S  ---------------

Threads class SMR info:
_java_thread_list=0x00000231641748c0, length=0, elements={
}

Java Threads: ( => current thread )

Other Threads:
  0x0000023166234000 GCTaskThread "GC Thread#0" [stack: 0x0000008313a00000,0x0000008313b00000] [id=21432]
  0x0000023166264000 ConcurrentGCThread "G1 Main Marker" [stack: 0x0000008313b00000,0x0000008313c00000] [id=3524]
  0x0000023166265800 ConcurrentGCThread "G1 Conc#0" [stack: 0x0000008313c00000,0x0000008313d00000] [id=52076]

[error occurred during error reporting (printing all threads), id 0xc0000005, EXCEPTION_ACCESS_VIOLATION (0xc0000005) at pc=0x00007ffa0c9f6227]

VM state:not at safepoint (not fully initialized)

VM Mutex/Monitor currently owned by a thread:  ([mutex/lock_event])
[0x0000023166216880] Heap_lock - owner thread: 0x000002316621b000

Heap address: 0x0000000083400000, size: 1996 MB, Compressed Oops mode: Non-zero based: 0x0000000083400000
Narrow klass base: 0x0000000000000000, Narrow klass shift: 0

GC Heap History (0 events):
No events

Deoptimization events (0 events):
No events

Classes redefined (0 events):
No events

Internal exceptions (0 events):
No events

Events (2 events):
Event: 0.004 Loaded shared library C:\Program Files\JetBrains\IntelliJ IDEA 2020.1\jbr\bin\zip.dll
Event: 0.005 Loaded shared library C:\Program Files\JetBrains\IntelliJ IDEA 2020.1\jbr\bin\jimage.dll


Dynamic libraries:
0x00007ff757aa0000 - 0x00007ff757aaa000 	C:\Program Files\JetBrains\IntelliJ IDEA 2020.1\jbr\bin\java.exe
0x00007ffa6cfa0000 - 0x00007ffa6d190000 	C:\Windows\SYSTEM32\ntdll.dll
0x00007ffa6bcd0000 - 0x00007ffa6bd82000 	C:\Windows\System32\KERNEL32.DLL
0x00007ffa6a0b0000 - 0x00007ffa6a355000 	C:\Windows\System32\KERNELBASE.dll
0x00007ffa69fb0000 - 0x00007ffa6a0aa000 	C:\Windows\System32\ucrtbase.dll
0x00007ffa4cc60000 - 0x00007ffa4cc79000 	C:\Program Files\JetBrains\IntelliJ IDEA 2020.1\jbr\bin\jli.dll
0x00007ffa6bb30000 - 0x00007ffa6bcc4000 	C:\Windows\System32\USER32.dll
0x00007ffa6a680000 - 0x00007ffa6a6a1000 	C:\Windows\System32\win32u.dll
0x00007ffa6cc90000 - 0x00007ffa6ccb6000 	C:\Windows\System32\GDI32.dll
0x00007ffa502a0000 - 0x00007ffa50524000 	C:\Windows\WinSxS\amd64_microsoft.windows.common-controls_6595b64144ccf1df_6.0.18362.1139_none_9e7bf2d3e4605ac6\COMCTL32.dll
0x00007ffa6a4e0000 - 0x00007ffa6a676000 	C:\Windows\System32\gdi32full.dll
0x00007ffa6c9e0000 - 0x00007ffa6ca7e000 	C:\Windows\System32\msvcrt.dll
0x00007ffa6a6b0000 - 0x00007ffa6a74e000 	C:\Windows\System32\msvcp_win.dll
0x00007ffa6c630000 - 0x00007ffa6c965000 	C:\Windows\System32\combase.dll
0x00007ffa6b990000 - 0x00007ffa6bab0000 	C:\Windows\System32\RPCRT4.dll
0x00007ffa6afd0000 - 0x00007ffa6b050000 	C:\Windows\System32\bcryptPrimitives.dll
0x00007ffa670b0000 - 0x00007ffa670c7000 	C:\Program Files\JetBrains\IntelliJ IDEA 2020.1\jbr\bin\VCRUNTIME140.dll
0x00007ffa6ca80000 - 0x00007ffa6caae000 	C:\Windows\System32\IMM32.DLL
0x00007ffa31e50000 - 0x00007ffa31eed000 	C:\Program Files\JetBrains\IntelliJ IDEA 2020.1\jbr\bin\msvcp140.dll
0x00007ffa0c710000 - 0x00007ffa0d1cd000 	C:\Program Files\JetBrains\IntelliJ IDEA 2020.1\jbr\bin\server\jvm.dll
0x00007ffa6b460000 - 0x00007ffa6b503000 	C:\Windows\System32\ADVAPI32.dll
0x00007ffa6b050000 - 0x00007ffa6b0e7000 	C:\Windows\System32\sechost.dll
0x00007ffa6b980000 - 0x00007ffa6b988000 	C:\Windows\System32\PSAPI.DLL
0x00007ffa56a30000 - 0x00007ffa56a39000 	C:\Windows\SYSTEM32\WSOCK32.dll
0x00007ffa67000000 - 0x00007ffa67024000 	C:\Windows\SYSTEM32\WINMM.dll
0x00007ffa6c5c0000 - 0x00007ffa6c62f000 	C:\Windows\System32\WS2_32.dll
0x00007ffa62100000 - 0x00007ffa6210a000 	C:\Windows\SYSTEM32\VERSION.dll
0x00007ffa66fd0000 - 0x00007ffa66ffd000 	C:\Windows\SYSTEM32\WINMMBASE.dll
0x00007ffa6aed0000 - 0x00007ffa6af1a000 	C:\Windows\System32\cfgmgr32.dll
0x00007ffa69e90000 - 0x00007ffa69ea1000 	C:\Windows\System32\kernel.appcore.dll
0x00007ffa4ce50000 - 0x00007ffa4ce61000 	C:\Program Files\JetBrains\IntelliJ IDEA 2020.1\jbr\bin\verify.dll
0x00007ffa62780000 - 0x00007ffa62974000 	C:\Windows\SYSTEM32\DBGHELP.DLL
0x00007ffa47290000 - 0x00007ffa472ba000 	C:\Windows\SYSTEM32\dbgcore.DLL
0x00007ffa4c8d0000 - 0x00007ffa4c8f9000 	C:\Program Files\JetBrains\IntelliJ IDEA 2020.1\jbr\bin\java.dll
0x00007ffa4c7e0000 - 0x00007ffa4c7f8000 	C:\Program Files\JetBrains\IntelliJ IDEA 2020.1\jbr\bin\zip.dll
0x00007ffa569b0000 - 0x00007ffa569bb000 	C:\Program Files\JetBrains\IntelliJ IDEA 2020.1\jbr\bin\jimage.dll

dbghelp: loaded successfully - version: 4.0.5 - missing functions: none
symbol engine: initialized successfully - sym options: 0x614 - pdb path: .;C:\Program Files\JetBrains\IntelliJ IDEA 2020.1\jbr\bin;C:\Windows\SYSTEM32;C:\Windows\WinSxS\amd64_microsoft.windows.common-controls_6595b64144ccf1df_6.0.18362.1139_none_9e7bf2d3e4605ac6;C:\Program Files\JetBrains\IntelliJ IDEA 2020.1\jbr\bin\server

VM Arguments:
java_command: org.jetbrains.git4idea.http.GitAskPassApp Username for 'http://192.168.50.66:30000': 
java_class_path (initial): C:/Program Files/JetBrains/IntelliJ IDEA 2020.1/plugins/git4idea/lib/git4idea-rt.jar;C:/Program Files/JetBrains/IntelliJ IDEA 2020.1/lib/xmlrpc-2.0.1.jar;C:/Program Files/JetBrains/IntelliJ IDEA 2020.1/lib/commons-codec-1.14.jar;C:/Program Files/JetBrains/IntelliJ IDEA 2020.1/lib/util.jar
Launcher Type: SUN_STANDARD

[Global flags]
     intx CICompilerCount                          = 4                                         {product} {ergonomic}
     uint ConcGCThreads                            = 2                                         {product} {ergonomic}
     uint G1ConcRefinementThreads                  = 8                                         {product} {ergonomic}
   size_t G1HeapRegionSize                         = 1048576                                   {product} {ergonomic}
    uintx GCDrainStackTargetSize                   = 64                                        {product} {ergonomic}
   size_t InitialHeapSize                          = 132120576                                 {product} {ergonomic}
   size_t MarkStackSize                            = 4194304                                   {product} {ergonomic}
   size_t MaxHeapSize                              = 2092957696                                {product} {ergonomic}
   size_t MinHeapDeltaBytes                        = 1048576                                   {product} {ergonomic}
    uintx NonNMethodCodeHeapSize                   = 5836300                                {pd product} {ergonomic}
    uintx NonProfiledCodeHeapSize                  = 122910970                              {pd product} {ergonomic}
    uintx ProfiledCodeHeapSize                     = 122910970                              {pd product} {ergonomic}
    uintx ReservedCodeCacheSize                    = 251658240                              {pd product} {ergonomic}
     bool SegmentedCodeCache                       = true                                      {product} {ergonomic}
     bool UseCompressedClassPointers               = true                                 {lp64_product} {ergonomic}
     bool UseCompressedOops                        = true                                 {lp64_product} {ergonomic}
     bool UseG1GC                                  = true                                      {product} {ergonomic}
     bool UseLargePagesIndividualAllocation        = false                                  {pd product} {ergonomic}

Logging:
Log output configuration:
 #0: stdout all=warning uptime,level,tags
 #1: stderr all=off uptime,level,tags

Environment Variables:
JAVA_HOME=C:\Program Files\Java\jdk1.8.0_251
CLASSPATH=.;C:\Program Files\Java\jdk1.8.0_251\lib;C:\Program Files\Java\jdk1.8.0_251\lib\tools.jar
PATH=C:\Program Files\Git\mingw64\libexec\git-core;C:\Program Files\Git\mingw64\libexec\git-core;C:\Program Files\Git\mingw64\bin;C:\Program Files\Git\usr\bin;C:\Users\¹ùÀöÑÅ\bin;C:\Program Files (x86)\Common Files\Oracle\Java\javapath;C:\Program Files\Java\jdk1.8.0_251\bin;C:\Program Files\Java\jdk1.8.0_251\jre\bin;C:\Program Files\soft\apache-maven-3.6.3-bin\apache-maven-3.6.3\bin;C:\Users\¹ùÀöÑÅ\AppData\Roaming\Microsoft\Windows\Start Menu\Programs\Python 3.8\Scripts;C:\windows\system32;C:\Users\¹ùÀöÑÅ\AppData\Local\Programs\Python\Python38-32\Scripts;C:\Users\¹ùÀöÑÅ\AppData\Local\Programs\Python\Python38-32;C:\Program Files\MySQL\MySQL Shell 8.0\bin;C:\Users\¹ùÀöÑÅ\AppData\Local\Microsoft\WindowsApps;C:\Users\¹ùÀöÑÅ\AppData\Local\Programs\Fiddler;C:\Program Files\Fiddler;C:\Program Files\JetBrains\IntelliJ IDEA 2020.1\bin
USERNAME=¹ùÀöÑÅ
DISPLAY=:0.0
OS=Windows_NT
PROCESSOR_IDENTIFIER=Intel64 Family 6 Model 142 Stepping 12, GenuineIntel



---------------  S Y S T E M  ---------------

OS: Windows 10 , 64 bit Build 18362 (10.0.18362.1110)

CPU:total 8 (initial active 8) (4 cores per cpu, 2 threads per core) family 6 model 142 stepping 12, cmov, cx8, fxsr, mmx, sse, sse2, sse3, ssse3, sse4.1, sse4.2, popcnt, avx, avx2, aes, clmul, erms, 3dnowpref, lzcnt, ht, tsc, tscinvbit, bmi1, bmi2, adx, fma

Memory: 4k page, system-wide physical 7976M (1101M free)
TotalPageFile size 32552M (AvailPageFile size 71M)
current process WorkingSet (physical memory assigned to process): 10M, peak: 10M
current process commit charge ("private bytes"): 60M, peak: 186M

vm_info: OpenJDK 64-Bit Server VM (11.0.6+8-b765.25) for windows-amd64 JRE (11.0.6+8-b765.25), built on Mar 30 2020 12:57:22 by "" with MS VC++ 14.0 (VS2015)

END.
